<?xml version="1.0" encoding="utf-8"?>
<!DOCTYPE coverage SYSTEM "http://cobertura.sourceforge.net/xml/coverage-04.dtd">
<coverage line-rate="0.666666666666667" branch-rate="1" lines-covered="10" lines-valid="15" branches-covered="0" branches-valid="0" complexity="4" version="0" timestamp="1673349842">
  <sources>
    <source>C:\Users\SAHU JI\</source>
  </sources>
  <packages>
    <package name="BankingLibrary" line-rate="0" branch-rate="1" complexity="1">
      <classes>
        <class name="BankingLibrary.CalcInterest" filename="C:\Users\SAHU JI\Documents\C-Sharp Practice\JenkinsDemo\BankingLibrary\CalcInterest.cs" line-rate="0" branch-rate="1" complexity="1">
          <methods>
            <method name="Calculate" signature="(...)" line-rate="0" branch-rate="1" complexity="1">
              <lines>
                <line number="13" hits="0" branch="false" />
                <line number="15" hits="0" branch="false" />
                <line number="16" hits="0" branch="false" />
                <line number="18" hits="0" branch="false" />
              </lines>
            </method>
          </methods>
          <lines>
            <line number="13" hits="0" branch="false" />
            <line number="15" hits="0" branch="false" />
            <line number="16" hits="0" branch="false" />
            <line number="18" hits="0" branch="false" />
          </lines>
        </class>
      </classes>
    </package>
    <package name="BankLibrary.Tests" line-rate="0.909090909090909" branch-rate="1" complexity="3">
      <classes>
        <class name="AutoGeneratedProgram" filename="C:\Users\SAHU JI\.nuget\packages\microsoft.net.test.sdk\17.3.2\build\netcoreapp2.1\Microsoft.NET.Test.Sdk.Program.cs" line-rate="0" branch-rate="1" complexity="1">
          <methods>
            <method name="Main" signature="(...)" line-rate="0" branch-rate="1" complexity="1">
              <lines>
                <line number="4" hits="0" branch="false" />
              </lines>
            </method>
          </methods>
          <lines>
            <line number="4" hits="0" branch="false" />
          </lines>
        </class>
        <class name="BankLibrary.Tests.CalcInterest" filename="C:\Users\SAHU JI\Documents\C-Sharp Practice\JenkinsDemo\BankLibrary.Tests\CalcInterest.cs" line-rate="1" branch-rate="1" complexity="1">
          <methods>
            <method name="Calculate" signature="(...)" line-rate="1" branch-rate="1" complexity="1">
              <lines>
                <line number="6" hits="1" branch="false" />
                <line number="8" hits="1" branch="false" />
                <line number="9" hits="1" branch="false" />
                <line number="11" hits="1" branch="false" />
              </lines>
            </method>
          </methods>
          <lines>
            <line number="6" hits="1" branch="false" />
            <line number="8" hits="1" branch="false" />
            <line number="9" hits="1" branch="false" />
            <line number="11" hits="1" branch="false" />
          </lines>
        </class>
        <class name="BankLibrary.Tests.CalcInterestTests" filename="C:\Users\SAHU JI\Documents\C-Sharp Practice\JenkinsDemo\BankLibrary.Tests\CalcInterestTests.cs" line-rate="1" branch-rate="1" complexity="1">
          <methods>
            <method name="Calculate_AcceptsPNR_ReturnsSI" signature="()" line-rate="1" branch-rate="1" complexity="1">
              <lines>
                <line number="8" hits="1" branch="false" />
                <line number="9" hits="1" branch="false" />
                <line number="10" hits="1" branch="false" />
                <line number="11" hits="1" branch="false" />
                <line number="12" hits="1" branch="false" />
                <line number="14" hits="1" branch="false" />
              </lines>
            </method>
          </methods>
          <lines>
            <line number="8" hits="1" branch="false" />
            <line number="9" hits="1" branch="false" />
            <line number="10" hits="1" branch="false" />
            <line number="11" hits="1" branch="false" />
            <line number="12" hits="1" branch="false" />
            <line number="14" hits="1" branch="false" />
          </lines>
        </class>
      </classes>
    </package>
  </packages>
</coverage>